[1115/013503.081:ERROR:directory_reader_win.cc(43)] FindFirstFile: The system cannot find the path specified. (0x3)
[1115/110552.888:ERROR:directory_reader_win.cc(43)] FindFirstFile: The system cannot find the path specified. (0x3)
[1119/012815.190:ERROR:directory_reader_win.cc(43)] FindFirstFile: The system cannot find the path specified. (0x3)
[1122/104645.929:ERROR:directory_reader_win.cc(43)] FindFirstFile: The system cannot find the path specified. (0x3)
[1123/112034.645:ERROR:filesystem_win.cc(129)] GetFileAttributes C:\Users\Zeyada.Net\AppData\Local\Google\Chrome\User Data\Crashpad\attachments\de92fd84-a1e5-4f1c-8011-5ea9dfb3cd95: The system cannot find the path specified. (0x3)
[1129/101034.341:ERROR:directory_reader_win.cc(43)] FindFirstFile: The system cannot find the path specified. (0x3)
[1130/145028.563:ERROR:process_reader_win.cc(151)] SuspendThread: Access is denied. (0x5)
[1130/145028.565:ERROR:process_reader_win.cc(151)] SuspendThread: Access is denied. (0x5)
[1130/145028.563:ERROR:process_reader_win.cc(151)] SuspendThread: Access is denied. (0x5)
[1130/145028.791:ERROR:process_reader_win.cc(151)] SuspendThread: Access is denied. (0x5)
[1130/145028.791:ERROR:process_reader_win.cc(151)] SuspendThread: Access is denied. (0x5)
[1130/145028.534:ERROR:process_reader_win.cc(151)] SuspendThread: Access is denied. (0x5)
[1130/145028.791:ERROR:process_reader_win.cc(151)] SuspendThread: Access is denied. (0x5)
[1130/145028.537:ERROR:process_reader_win.cc(151)] SuspendThread: Access is denied. (0x5)
[1130/145028.536:ERROR:process_reader_win.cc(151)] SuspendThread: Access is denied. (0x5)
[1130/145028.791:ERROR:process_reader_win.cc(151)] SuspendThread: Access is denied. (0x5)
[1130/145028.792:ERROR:process_reader_win.cc(151)] SuspendThread: Access is denied. (0x5)
[1130/145028.792:ERROR:process_reader_win.cc(151)] SuspendThread: Access is denied. (0x5)
[1130/145028.791:ERROR:process_reader_win.cc(151)] SuspendThread: Access is denied. (0x5)
[1130/145028.792:ERROR:process_reader_win.cc(151)] SuspendThread: Access is denied. (0x5)
[1130/145028.792:ERROR:process_reader_win.cc(151)] SuspendThread: Access is denied. (0x5)
[1130/145028.792:ERROR:process_reader_win.cc(151)] SuspendThread: Access is denied. (0x5)
[1130/145028.792:ERROR:process_reader_win.cc(151)] SuspendThread: Access is denied. (0x5)
[1130/145028.792:ERROR:process_reader_win.cc(151)] SuspendThread: Access is denied. (0x5)
[1130/145028.792:ERROR:process_reader_win.cc(151)] SuspendThread: Access is denied. (0x5)
[1130/145028.792:ERROR:process_reader_win.cc(151)] SuspendThread: Access is denied. (0x5)
[1130/145028.793:ERROR:process_reader_win.cc(151)] SuspendThread: Access is denied. (0x5)
[1130/145028.793:ERROR:process_reader_win.cc(151)] SuspendThread: Access is denied. (0x5)
[1130/145028.793:ERROR:process_reader_win.cc(151)] SuspendThread: Access is denied. (0x5)
[1130/145028.793:ERROR:process_reader_win.cc(151)] SuspendThread: Access is denied. (0x5)
[1130/145028.793:ERROR:process_reader_win.cc(151)] SuspendThread: Access is denied. (0x5)
[1130/145028.793:ERROR:process_reader_win.cc(151)] SuspendThread: Access is denied. (0x5)
[1130/145028.793:ERROR:process_reader_win.cc(151)] SuspendThread: Access is denied. (0x5)
[1130/145028.793:ERROR:process_reader_win.cc(151)] SuspendThread: Access is denied. (0x5)
[1130/145028.793:ERROR:process_reader_win.cc(151)] SuspendThread: Access is denied. (0x5)
[1130/145028.793:ERROR:process_reader_win.cc(151)] SuspendThread: Access is denied. (0x5)
[1130/145028.794:ERROR:process_reader_win.cc(151)] SuspendThread: Access is denied. (0x5)
[1130/145028.794:ERROR:process_reader_win.cc(151)] SuspendThread: Access is denied. (0x5)
[1130/145028.794:ERROR:process_reader_win.cc(151)] SuspendThread: Access is denied. (0x5)
[1130/145028.794:ERROR:process_reader_win.cc(151)] SuspendThread: Access is denied. (0x5)
[1130/145028.794:ERROR:process_reader_win.cc(151)] SuspendThread: Access is denied. (0x5)
[1130/145028.794:ERROR:process_reader_win.cc(151)] SuspendThread: Access is denied. (0x5)
[1130/145028.794:ERROR:process_reader_win.cc(151)] SuspendThread: Access is denied. (0x5)
[1130/145028.794:ERROR:process_reader_win.cc(151)] SuspendThread: Access is denied. (0x5)
[1130/145028.794:ERROR:process_reader_win.cc(151)] SuspendThread: Access is denied. (0x5)
[1130/145028.795:ERROR:process_reader_win.cc(151)] SuspendThread: Access is denied. (0x5)
[1130/145028.795:ERROR:process_reader_win.cc(151)] SuspendThread: Access is denied. (0x5)
[1130/145028.795:ERROR:process_reader_win.cc(151)] SuspendThread: Access is denied. (0x5)
[1130/145028.796:ERROR:process_reader_win.cc(151)] SuspendThread: Access is denied. (0x5)
[1130/145028.796:ERROR:process_reader_win.cc(151)] SuspendThread: Access is denied. (0x5)
[1130/145028.796:ERROR:process_reader_win.cc(151)] SuspendThread: Access is denied. (0x5)
[1130/145028.796:ERROR:process_reader_win.cc(151)] SuspendThread: Access is denied. (0x5)
[1130/145028.793:ERROR:process_reader_win.cc(123)] NtOpenThread: {Access Denied} A process has requested access to an object, but has not been granted those access rights. (0xc0000022)
[1130/145029.037:ERROR:exception_snapshot_win.cc(99)] thread ID 14304 not found in process
[1130/145028.496:ERROR:process_reader_win.cc(123)] NtOpenThread: {Access Denied} A process has requested access to an object, but has not been granted those access rights. (0xc0000022)
[1130/145028.792:ERROR:process_reader_win.cc(123)] NtOpenThread: An invalid Client ID was specified. (0xc000000b)
[1130/145028.494:ERROR:process_reader_win.cc(123)] NtOpenThread: {Access Denied} A process has requested access to an object, but has not been granted those access rights. (0xc0000022)
[1130/145029.037:ERROR:exception_snapshot_win.cc(99)] thread ID 12148 not found in process
[1130/145028.794:ERROR:process_reader_win.cc(123)] NtOpenThread: {Access Denied} A process has requested access to an object, but has not been granted those access rights. (0xc0000022)
[1130/145029.038:ERROR:exception_snapshot_win.cc(99)] thread ID 13132 not found in process
[1130/145029.038:ERROR:process_reader_win.cc(151)] SuspendThread: Access is denied. (0x5)
[1130/145029.039:ERROR:exception_snapshot_win.cc(99)] thread ID 7984 not found in process
[1130/145028.796:ERROR:process_reader_win.cc(123)] NtOpenThread: {Access Denied} A process has requested access to an object, but has not been granted those access rights. (0xc0000022)
[1130/145029.039:ERROR:exception_snapshot_win.cc(99)] thread ID 960 not found in process
[1130/145028.794:ERROR:process_reader_win.cc(123)] NtOpenThread: {Access Denied} A process has requested access to an object, but has not been granted those access rights. (0xc0000022)
[1130/145029.041:ERROR:exception_snapshot_win.cc(99)] thread ID 3004 not found in process
[1130/145028.492:ERROR:process_reader_win.cc(123)] NtOpenThread: {Access Denied} A process has requested access to an object, but has not been granted those access rights. (0xc0000022)
[1130/145029.042:ERROR:exception_snapshot_win.cc(99)] thread ID 10588 not found in process
[1130/145029.042:ERROR:process_reader_win.cc(151)] SuspendThread: Access is denied. (0x5)
[1130/145029.043:ERROR:process_reader_win.cc(151)] SuspendThread: Access is denied. (0x5)
[1130/145028.795:ERROR:process_reader_win.cc(123)] NtOpenThread: {Access Denied} A process has requested access to an object, but has not been granted those access rights. (0xc0000022)
[1130/145029.043:ERROR:process_reader_win.cc(123)] NtOpenThread: {Access Denied} A process has requested access to an object, but has not been granted those access rights. (0xc0000022)
[1130/145029.043:ERROR:exception_snapshot_win.cc(99)] thread ID 12812 not found in process
[1130/145029.043:ERROR:exception_snapshot_win.cc(99)] thread ID 1632 not found in process
[1130/145028.569:ERROR:process_reader_win.cc(123)] NtOpenThread: {Access Denied} A process has requested access to an object, but has not been granted those access rights. (0xc0000022)
[1130/145029.043:ERROR:exception_snapshot_win.cc(99)] thread ID 13688 not found in process
[1201/082838.135:ERROR:directory_reader_win.cc(43)] FindFirstFile: The system cannot find the path specified. (0x3)
